<?xml version="1.0" encoding="UTF-8"?>
<!-- Generated by org.testng.reporters.JUnitReportReporter -->
<testsuite skipped="0" hostname="Nageshbabu-PC" name="myproj.Google" tests="2" failures="0" timestamp="12 Jul 2017 13:14:32 GMT" time="17.413" errors="0">
  <testcase name="search" time="10.524" classname="myproj.Google"/>
  <testcase name="search" time="6.889" classname="myproj.Google"/>
</testsuite> <!-- myproj.Google -->
